<?xml version="1.0" encoding="utf-8"?><testsuites name="pytest tests"><testsuite name="pytest" errors="0" failures="0" skipped="0" tests="5" time="3.556" timestamp="2026-08-23T22:51:40.101144+00:00" hostname="agent-env-c306fd84-4e88-4c57-8c3e-3f3c23826000"><testcase classname="tests.test_audit_mode" name="test_diff_finds_exactly_the_two_changed_keys" time="2.554" /><testcase classname="tests.test_audit_mode" name="test_attribution_rows_sum_to_total_gap_within_residual" time="0.040" /><testcase classname="tests.test_audit_mode" name="test_outcome_deltas_present_nominal_and_today" time="0.041" /><testcase classname="tests.test_audit_mode" name="test_identical_configs_empty_diff_zero_deltas" time="0.020" /><testcase classname="tests.test_audit_mode" name="test_attribution_capped_at_12" time="0.108" /></testsuite></testsuites>