<?xml version="1.0" encoding="utf-8"?><testsuites name="pytest tests"><testsuite name="pytest" errors="0" failures="0" skipped="0" tests="22" time="4.369" timestamp="2026-08-23T20:57:18.619565+00:00" hostname="agent-env-c306fd84-4e88-4c57-8c3e-3f3c23826000"><testcase classname="tests.test_phase32_regime_compare" name="test_regime_compare_returns_row_per_preset" time="0.212" /><testcase classname="tests.test_phase32_regime_compare" name="test_regime_compare_reflects_current_baseline" time="0.137" /><testcase classname="tests.test_phase32_regime_compare" name="test_regime_compare_rows_carry_headline_metrics" time="0.134" /><testcase classname="tests.test_phase32_regime_compare" name="test_regime_compare_last_50_years_beats_lost_decade" time="0.149" /><testcase classname="tests.test_phase32_regime_compare" name="test_regime_compare_accepts_custom_preset_list" time="0.071" /><testcase classname="tests.test_iter30_regime_det_http" name="test_response_shape" time="0.697" /><testcase classname="tests.test_iter30_regime_det_http" name="test_row_fields" time="0.001" /><testcase classname="tests.test_iter30_regime_det_http" name="test_historical_avg_matches_plain_projection" time="0.107" /><testcase classname="tests.test_phase32_regime_compare" name="test_regime_compare_dedupes_preset_list" time="0.048" /><testcase classname="tests.test_phase32_regime_compare" name="test_regime_compare_rejects_missing_session" time="0.003" /><testcase classname="tests.test_phase32_regime_compare" name="test_regime_compare_rejects_excessive_trials" time="0.004" /><testcase classname="tests.test_phase32_regime_compare" name="test_regime_compare_rejects_over_6_presets" time="0.004" /><testcase classname="tests.test_phase32_regime_compare" name="test_regime_compare_rejects_invalid_engine" time="0.004" /><testcase classname="tests.test_phase64_regime_deterministic" name="test_all_named_regimes_returned" time="0.137" /><testcase classname="tests.test_iter30_regime_det_http" name="test_regimes_differ" time="0.000" /><testcase classname="tests.test_iter30_regime_det_http" name="test_repeat_is_stable" time="0.057" /><testcase classname="tests.test_iter30_regime_det_http" name="test_modified_config_changes_result" time="0.185" /><testcase classname="tests.test_phase64_regime_deterministic" name="test_historical_avg_equals_baseline_exactly" time="0.011" /><testcase classname="tests.test_phase64_regime_deterministic" name="test_no_conversion_branch_differs_and_delta_is_consistent" time="0.001" /><testcase classname="tests.test_phase64_regime_deterministic" name="test_stagflation_shifts_outcomes_vs_baseline" time="0.001" /><testcase classname="tests.test_phase64_regime_deterministic" name="test_cache_returns_same_object" time="0.001" /><testcase classname="tests.test_iter30_regime_det_http" name="test_requires_auth" time="0.107" /></testsuite></testsuites>