<?xml version="1.0" encoding="utf-8"?><testsuites name="pytest tests"><testsuite name="pytest" errors="0" failures="0" skipped="0" tests="9" time="4.594" timestamp="2026-08-24T00:59:50.501389+00:00" hostname="agent-env-c306fd84-4e88-4c57-8c3e-3f3c23826000"><testcase classname="tests.test_pv_twins" name="test_shared_discount_helpers_consistent" time="2.406" /><testcase classname="tests.test_pv_twins" name="test_funding_order_compare_pv_twins" time="0.055" /><testcase classname="tests.test_pv_twins" name="test_regime_deterministic_pv_twins" time="0.108" /><testcase classname="tests.test_pv_twins" name="test_audit_mode_pv_twins" time="0.028" /><testcase classname="tests.test_pv_twins" name="test_mortality_timing_pv_twins" time="0.083" /><testcase classname="tests.test_pv_twins" name="test_heir_rate_sensitivity_pv_twins" time="0.019" /><testcase classname="tests.test_pv_twins" name="test_two_way_sensitivity_today_matrix" time="0.123" /><testcase classname="tests.test_advisor_prefs_http" name="test_prefs_roundtrip_and_merge" time="3.352" /><testcase classname="tests.test_advisor_prefs_http" name="test_prefs_requires_auth" time="0.173" /></testsuite></testsuites>