<?xml version="1.0" encoding="utf-8"?><testsuites name="pytest tests"><testsuite name="pytest" errors="0" failures="0" skipped="0" tests="9" time="5.320" timestamp="2026-08-24T04:15:24.159376+00:00" hostname="agent-env-c306fd84-4e88-4c57-8c3e-3f3c23826000"><testcase classname="tests.test_charitable_beneficiary" name="test_full_charity_zeroes_heir_ira_tax_and_excludes_from_estate" time="2.521" /><testcase classname="tests.test_charitable_beneficiary" name="test_default_has_no_charity_fields" time="0.012" /><testcase classname="tests.test_charitable_beneficiary" name="test_no_conversion_beats_full_conversion_on_combined_metric" time="0.028" /><testcase classname="tests.test_charitable_beneficiary" name="test_charity_grid_reconciliation" time="0.021" /><testcase classname="tests.test_iter39_charity_http" name="test_charity_default_cfg" time="3.001" /><testcase classname="tests.test_iter39_charity_http" name="test_charity_fraction_from_config" time="0.395" /><testcase classname="tests.test_iter39_charity_http" name="test_projection_with_fraction_still_works" time="0.467" /><testcase classname="tests.test_iter39_charity_http" name="test_fraction_out_of_range_is_clamped_or_rejected" time="0.347" /><testcase classname="tests.test_iter39_charity_http" name="test_requires_auth" time="0.098" /></testsuite></testsuites>