<?xml version="1.0" encoding="utf-8"?><testsuites name="pytest tests"><testsuite name="pytest" errors="0" failures="0" skipped="0" tests="9" time="24.356" timestamp="2026-08-24T04:34:36.815840+00:00" hostname="agent-env-c306fd84-4e88-4c57-8c3e-3f3c23826000"><testcase classname="tests.test_analyzer_report_parity" name="test_analyzer_row_matches_report_to_the_dollar" time="2.507" /><testcase classname="tests.test_iter40_config_fingerprint_http" name="test_fingerprint_endpoint_shape" time="2.672" /><testcase classname="tests.test_analyzer_report_parity" name="test_config_fingerprint_is_deterministic_and_structural_ignores_swept_dims" time="0.001" /><testcase classname="tests.test_golden_snapshot" name="test_golden_snapshot_matches_baseline" time="0.497" /><testcase classname="tests.test_iter40_config_fingerprint_http" name="test_fingerprint_deterministic" time="0.240" /><testcase classname="tests.test_iter40_config_fingerprint_http" name="test_structural_hash_ignores_roth_and_withdrawal" time="0.230" /><testcase classname="tests.test_iter40_config_fingerprint_http" name="test_structural_hash_changes_on_account_edit" time="0.211" /><testcase classname="tests.test_iter40_config_fingerprint_http" name="test_projection_response_includes_fingerprint" time="0.249" /><testcase classname="tests.test_iter40_config_fingerprint_http" name="test_strategy_sweep_response_includes_matching_fingerprint" time="19.629" /></testsuite></testsuites>