<?xml version="1.0" encoding="utf-8"?><testsuites name="pytest tests"><testsuite name="pytest" errors="0" failures="2" skipped="0" tests="41" time="6.532" timestamp="2026-08-23T21:41:30.352877+00:00" hostname="agent-env-c306fd84-4e88-4c57-8c3e-3f3c23826000"><testcase classname="tests.test_iter31_two_way_http" name="test_rates_and_labels" time="0.667" /><testcase classname="tests.test_iter31_two_way_http" name="test_regimes_six_custom_excluded" time="0.000" /><testcase classname="tests.test_iter31_two_way_http" name="test_matrix_dimensions_and_numeric" time="0.000" /><testcase classname="tests.test_iter31_two_way_http" name="test_break_even_per_regime" time="0.000" /><testcase classname="tests.test_iter31_two_way_http" name="test_break_even_consistent_with_matrix" time="0.000" /><testcase classname="tests.test_iter31_two_way_http" name="test_flat_column_break_even" time="0.000"><failure message="AssertionError: lost_decade: all-zero delta column but break_even reported as 0.0 with extrapolated=False&#10;assert (0.0 is None or False)">E   AssertionError: lost_decade: all-zero delta column but break_even reported as 0.0 with extrapolated=False
    assert (0.0 is None or False)</failure></testcase><testcase classname="tests.test_iter31_two_way_http" name="test_caption_verbatim" time="0.000" /><testcase classname="tests.test_iter31_two_way_http" name="test_modeled_rate" time="0.000" /><testcase classname="tests.test_iter31_two_way_http" name="test_no_mongo_id_leak" time="0.000" /><testcase classname="tests.test_iter31_two_way_http" name="test_repeat_call_cached_same_values" time="0.064" /><testcase classname="tests.test_iter31_two_way_http" name="test_requires_auth" time="0.100" /><testcase classname="tests.test_iter31_two_way_http" name="test_bad_config_rejected" time="0.047" /><testcase classname="tests.test_phase65_two_way_sensitivity" name="test_shape_rates_regimes_and_matrix" time="0.126" /><testcase classname="tests.test_phase65_two_way_sensitivity" name="test_charity_row_label_and_rate" time="0.001" /><testcase classname="tests.test_phase65_two_way_sensitivity" name="test_caption_is_verbatim" time="0.000" /><testcase classname="tests.test_phase65_two_way_sensitivity" name="test_break_even_interpolation_crossover" time="0.000" /><testcase classname="tests.test_phase65_two_way_sensitivity" name="test_break_even_extrapolation_when_no_crossover" time="0.000" /><testcase classname="tests.test_phase65_two_way_sensitivity" name="test_regimes_produce_distinct_matrices" time="0.000" /><testcase classname="tests.test_phase65_two_way_sensitivity" name="test_cache_identity" time="0.001" /><testcase classname="tests.test_heir_rate_sensitivity_http.TestHeirRateSensitivityHttp" name="test_requires_auth" time="0.581" /><testcase classname="tests.test_heir_rate_sensitivity_http.TestHeirRateSensitivityHttp" name="test_default_rates_shape" time="0.154" /><testcase classname="tests.test_heir_rate_sensitivity_http.TestHeirRateSensitivityHttp" name="test_higher_rate_reduces_no_conv_inheritance" time="0.188" /><testcase classname="tests.test_heir_rate_sensitivity_http.TestHeirRateSensitivityHttp" name="test_full_conversion_flat_across_rates" time="0.165" /><testcase classname="tests.test_heir_rate_sensitivity_http.TestHeirRateSensitivityHttp" name="test_rates_clamped_and_deduped" time="0.150" /><testcase classname="tests.test_iter30_regime_det_http" name="test_response_shape" time="0.629"><failure message="AssertionError: expected 7 rows, got 6&#10;assert 6 == 7&#10; +  where 6 = len([{'preset_id': 'historical_avg', 'label': 'Long-term Average (1928+)', 'general_inflation': 0.03, 'with_conversions': ...13253.0, 'after_tax_to_heirs_secure10': 7454114.97, 'lifetime_taxes': 3305627.28, 'ending_net_worth': 5113253.0}, ...}])">E   AssertionError: expected 7 rows, got 6
    assert 6 == 7
     +  where 6 = len([{'preset_id': 'historical_avg', 'label': 'Long-term Average (1928+)', 'general_inflation': 0.03, 'with_conversions': ...13253.0, 'after_tax_to_heirs_secure10': 7454114.97, 'lifetime_taxes': 3305627.28, 'ending_net_worth': 5113253.0}, ...}])</failure></testcase><testcase classname="tests.test_iter30_regime_det_http" name="test_row_fields" time="0.000" /><testcase classname="tests.test_iter30_regime_det_http" name="test_historical_avg_matches_plain_projection" time="0.097" /><testcase classname="tests.test_iter30_regime_det_http" name="test_regimes_differ" time="0.000" /><testcase classname="tests.test_iter30_regime_det_http" name="test_repeat_is_stable" time="0.069" /><testcase classname="tests.test_iter30_regime_det_http" name="test_modified_config_changes_result" time="0.217" /><testcase classname="tests.test_iter30_regime_det_http" name="test_requires_auth" time="0.109" /><testcase classname="tests.test_phase32_regime_compare" name="test_regime_compare_returns_row_per_preset" time="0.181" /><testcase classname="tests.test_phase32_regime_compare" name="test_regime_compare_reflects_current_baseline" time="0.139" /><testcase classname="tests.test_phase32_regime_compare" name="test_regime_compare_rows_carry_headline_metrics" time="0.198" /><testcase classname="tests.test_phase32_regime_compare" name="test_regime_compare_last_50_years_beats_lost_decade" time="0.154" /><testcase classname="tests.test_phase32_regime_compare" name="test_regime_compare_accepts_custom_preset_list" time="0.072" /><testcase classname="tests.test_phase32_regime_compare" name="test_regime_compare_dedupes_preset_list" time="0.050" /><testcase classname="tests.test_phase32_regime_compare" name="test_regime_compare_rejects_missing_session" time="0.003" /><testcase classname="tests.test_phase32_regime_compare" name="test_regime_compare_rejects_excessive_trials" time="0.003" /><testcase classname="tests.test_phase32_regime_compare" name="test_regime_compare_rejects_over_6_presets" time="0.003" /><testcase classname="tests.test_phase32_regime_compare" name="test_regime_compare_rejects_invalid_engine" time="0.004" /></testsuite></testsuites>