<?xml version="1.0" encoding="utf-8"?><testsuites name="pytest tests"><testsuite name="pytest" errors="0" failures="0" skipped="0" tests="16" time="4.856" timestamp="2026-08-23T20:26:29.328845+00:00" hostname="agent-env-c306fd84-4e88-4c57-8c3e-3f3c23826000"><testcase classname="tests.test_taxable_gifts" name="test_no_gifts_is_byte_identical" time="2.340" /><testcase classname="tests.test_taxable_gifts" name="test_5m_taxable_gift_by_first_decedent" time="0.000" /><testcase classname="tests.test_taxable_gifts" name="test_gift_split_across_both_decedents_sums_in_base" time="0.000" /><testcase classname="tests.test_taxable_gifts" name="test_projection_no_taxable_gifts_key_absent" time="0.013" /><testcase classname="tests.test_taxable_gifts" name="test_projection_tracks_cumulative_adjusted_gifts_per_donor" time="0.010" /><testcase classname="tests.test_taxable_gifts" name="test_projection_gift_capped_at_available_balance" time="0.010" /><testcase classname="tests.test_taxable_gifts" name="test_projection_carryover_basis_after_tax_pot" time="0.010" /><testcase classname="tests.test_taxable_gifts" name="test_projection_no_carryover_key_without_gifts" time="0.010" /><testcase classname="tests.test_iter19_taxable_gifts_http" name="test_projection_without_gifts_omits_gift_keys" time="2.995" /><testcase classname="tests.test_iter19_taxable_gifts_http" name="test_taxable_gifts_block_shape_and_joint_split" time="0.104" /><testcase classname="tests.test_iter19_taxable_gifts_http" name="test_carryover_basis_block" time="0.000" /><testcase classname="tests.test_iter19_taxable_gifts_http" name="test_estate_analyze_gift_adds_exactly_40pct" time="0.270" /><testcase classname="tests.test_iter19_taxable_gifts_http" name="test_estate_analyze_gift_split_equivalence" time="0.192" /><testcase classname="tests.test_iter19_taxable_gifts_http" name="test_estate_analyze_gifts_default_to_zero" time="0.204" /><testcase classname="tests.test_iter19_taxable_gifts_http" name="test_estate_analyze_rejects_negative_gifts" time="0.108" /><testcase classname="tests.test_iter19_taxable_gifts_http" name="test_projection_rejects_or_ignores_bad_donor" time="0.116" /></testsuite></testsuites>