<?xml version="1.0" encoding="utf-8"?><testsuites name="pytest tests"><testsuite name="pytest" errors="0" failures="0" skipped="0" tests="24" time="5.494" timestamp="2026-06-28T15:56:44.324610+00:00" hostname="agent-env-5531d5ee-1ce1-4dca-b15f-c4b22773ef02"><testcase classname="tests.test_phase10_features.TestHeirRate" name="test_default_heir_rate_is_sum" time="0.201" /><testcase classname="tests.test_phase11_features.TestPostDeathHorizon" name="test_legacy_block_has_phase11_fields" time="0.242" /><testcase classname="tests.test_phase10_features.TestHeirRate" name="test_changing_heir_rate_changes_inherited_tax" time="0.107" /><testcase classname="tests.test_phase11_features.TestPostDeathHorizon" name="test_post_death_rows_structure_and_monotonicity" time="0.059" /><testcase classname="tests.test_phase11_features.TestPostDeathHorizon" name="test_headline_10yr_exceeds_at_death" time="0.067" /><testcase classname="tests.test_phase9_features.TestSweep" name="test_sweep_structure_and_best" time="0.161" /><testcase classname="tests.test_phase9_features.TestSweep" name="test_sweep_best_is_valid_bracket" time="0.071" /><testcase classname="tests.test_phase9_features.TestConfigEdit" name="test_higher_ira_balance_changes_projection" time="0.195" /><testcase classname="tests.test_planner_api.TestTaxYear" name="test_tax_year_exact_values" time="0.138" /><testcase classname="tests.test_phase9_features.TestConfigEdit" name="test_edit_income_stream_changes_projection" time="0.115" /><testcase classname="tests.test_planner_api.TestTaxYear" name="test_tax_year_separation_preferential_vs_ordinary" time="0.044" /><testcase classname="tests.test_phase10_features.TestSweepHeirRate" name="test_no_conversions_atee_higher_under_low_heir_rate" time="0.233" /><testcase classname="tests.test_phase10_features.TestStateRate" name="test_state_rate_change_changes_lifetime_taxes" time="0.207" /><testcase classname="tests.test_phase10_features.TestMaxAnnualCap" name="test_cap_reduces_total_converted" time="0.101" /><testcase classname="tests.test_phase10_features.TestFundingOrder" name="test_funding_order_changes_lifetime_tax" time="0.100" /><testcase classname="tests.test_phase11_features.TestSurplusSweep" name="test_taxable_vs_cash_sweep_differs" time="0.203" /><testcase classname="tests.test_phase11_features.TestTaxRegression" name="test_tax_year_endpoint_alive" time="0.137" /><testcase classname="tests.test_phase11_features.TestSweepRegression" name="test_sweep_best_is_ranked_first_and_valid" time="0.064" /><testcase classname="tests.test_planner_api.TestDefaults" name="test_defaults_returns_full_scenario" time="0.094" /><testcase classname="tests.test_phase9_features.TestProjectionLegacy" name="test_legacy_block_present" time="0.174" /><testcase classname="tests.test_planner_api.TestOptimize" name="test_optimize_target_24" time="0.044" /><testcase classname="tests.test_planner_api.TestProjection" name="test_projection_default_config" time="1.422" /><testcase classname="tests.test_planner_api.TestInsights" name="test_insights_streams_text" time="3.567" /><testcase classname="tests.test_planner_api.TestScenariosCRUD" name="test_scenarios_full_cycle" time="0.319" /></testsuite></testsuites>