<?xml version="1.0" encoding="utf-8"?><testsuites name="pytest tests"><testsuite name="pytest" errors="0" failures="0" skipped="0" tests="6" time="2.445" timestamp="2026-06-30T02:36:57.394080+00:00" hostname="agent-env-5531d5ee-1ce1-4dca-b15f-c4b22773ef02"><testcase classname="tests.test_montecarlo" name="test_montecarlo_shape_and_success" time="0.432" /><testcase classname="tests.test_montecarlo" name="test_success_equals_one_minus_depleted" time="0.212" /><testcase classname="tests.test_montecarlo" name="test_higher_volatility_lowers_success" time="0.487" /><testcase classname="tests.test_montecarlo" name="test_seed_reproducibility" time="0.444" /><testcase classname="tests.test_montecarlo" name="test_unknown_job_returns_404" time="0.100" /><testcase classname="tests.test_montecarlo" name="test_no_raw_trial_array" time="0.219" /></testsuite></testsuites>