<?xml version="1.0" encoding="utf-8"?><testsuites name="pytest tests"><testsuite name="pytest" errors="0" failures="0" skipped="0" tests="10" time="0.579" timestamp="2026-07-03T01:18:26.728429+00:00" hostname="agent-env-5531d5ee-1ce1-4dca-b15f-c4b22773ef02"><testcase classname="tests.test_phase20_routing_and_copula" name="test_spouse_conversions_land_in_spouse_roth" time="0.006" /><testcase classname="tests.test_phase20_routing_and_copula" name="test_default_scenario_unchanged_totals" time="0.005" /><testcase classname="tests.test_phase20_routing_and_copula" name="test_auto_roth_created_for_owner_without_one" time="0.005" /><testcase classname="tests.test_phase20_routing_and_copula" name="test_no_roth_accounts_dollars_conserved" time="0.005" /><testcase classname="tests.test_phase20_routing_and_copula" name="test_roth_split_sums_to_total_every_year" time="0.005" /><testcase classname="tests.test_phase20_routing_and_copula" name="test_realized_correlations_match_requested" time="0.027" /><testcase classname="tests.test_phase20_routing_and_copula" name="test_disabled_correlation_identical_to_legacy_path" time="0.023" /><testcase classname="tests.test_phase20_routing_and_copula" name="test_non_psd_matrix_repaired" time="0.011" /><testcase classname="tests.test_phase20_routing_and_copula" name="test_correlation_without_inflation_is_assets_only" time="0.011" /><testcase classname="tests.test_phase20_routing_and_copula" name="test_correlation_reproducible_with_seed" time="0.021" /></testsuite></testsuites>