<?xml version="1.0" encoding="utf-8"?><testsuites name="pytest tests"><testsuite name="pytest" errors="0" failures="0" skipped="0" tests="11" time="2.935" timestamp="2026-07-03T00:12:41.081489+00:00" hostname="agent-env-5531d5ee-1ce1-4dca-b15f-c4b22773ef02"><testcase classname="tests.test_phase19_security_hardening" name="test_scenarios_require_session_token" time="0.355" /><testcase classname="tests.test_phase19_security_hardening" name="test_scenarios_reject_malformed_token" time="0.146" /><testcase classname="tests.test_phase19_security_hardening" name="test_scenarios_are_owner_scoped" time="0.581" /><testcase classname="tests.test_phase19_security_hardening" name="test_projection_horizon_cap" time="0.137" /><testcase classname="tests.test_phase19_security_hardening" name="test_strategy_sweep_grid_cap" time="0.135" /><testcase classname="tests.test_phase19_security_hardening" name="test_ss_optimizer_ages_cap" time="0.129" /><testcase classname="tests.test_phase19_security_hardening" name="test_ss_optimizer_age_range" time="0.516" /><testcase classname="tests.test_phase19_security_hardening" name="test_montecarlo_trials_cap" time="0.309" /><testcase classname="tests.test_phase19_security_hardening" name="test_projection_error_message_generic" time="0.087" /><testcase classname="tests.test_phase19_security_hardening" name="test_security_headers_present" time="0.131" /><testcase classname="tests.test_phase19_security_hardening" name="test_chat_message_bounds" time="0.071" /></testsuite></testsuites>