<?xml version="1.0" encoding="utf-8"?><testsuites name="pytest tests"><testsuite name="pytest" errors="0" failures="1" skipped="0" tests="5" time="1.131" timestamp="2026-06-28T03:34:19.181818+00:00" hostname="agent-env-5531d5ee-1ce1-4dca-b15f-c4b22773ef02"><testcase classname="tests.test_phase9_features.TestConfigEdit" name="test_higher_ira_balance_changes_projection" time="0.412"><failure message="AssertionError: expected total_roth_converted to change&#10;assert 4148576.03 != 4148576.03">backend/tests/test_phase9_features.py:118: in test_higher_ira_balance_changes_projection
    assert new_summary["total_roth_converted"] != base_summary["total_roth_converted"], \
E   AssertionError: expected total_roth_converted to change
E   assert 4148576.03 != 4148576.03</failure></testcase><testcase classname="tests.test_phase9_features.TestSweep" name="test_sweep_structure_and_best" time="0.406" /><testcase classname="tests.test_phase9_features.TestSweep" name="test_sweep_best_is_fill_35_bracket" time="0.067" /><testcase classname="tests.test_phase9_features.TestConfigEdit" name="test_edit_income_stream_changes_projection" time="0.119" /><testcase classname="tests.test_phase9_features.TestProjectionLegacy" name="test_legacy_block_present" time="0.051" /></testsuite></testsuites>