<?xml version="1.0" encoding="utf-8"?><testsuites name="pytest tests"><testsuite name="pytest" errors="0" failures="0" skipped="0" tests="6" time="1.521" timestamp="2026-06-28T15:23:59.048126+00:00" hostname="agent-env-5531d5ee-1ce1-4dca-b15f-c4b22773ef02"><testcase classname="tests.test_phase10_features.TestHeirRate" name="test_default_heir_rate_is_sum" time="0.329" /><testcase classname="tests.test_phase10_features.TestSweepHeirRate" name="test_no_conversions_atee_higher_under_low_heir_rate" time="0.923" /><testcase classname="tests.test_phase10_features.TestHeirRate" name="test_changing_heir_rate_changes_inherited_tax" time="0.111" /><testcase classname="tests.test_phase10_features.TestStateRate" name="test_state_rate_change_changes_lifetime_taxes" time="0.103" /><testcase classname="tests.test_phase10_features.TestFundingOrder" name="test_funding_order_changes_lifetime_tax" time="0.096" /><testcase classname="tests.test_phase10_features.TestMaxAnnualCap" name="test_cap_reduces_total_converted" time="0.095" /></testsuite></testsuites>