<?xml version="1.0" encoding="utf-8"?><testsuites name="pytest tests"><testsuite name="pytest" errors="0" failures="0" skipped="0" tests="7" time="4.775" timestamp="2026-07-03T01:19:16.681041+00:00" hostname="agent-env-5531d5ee-1ce1-4dca-b15f-c4b22773ef02"><testcase classname="tests.test_phase20_http_public" name="test_projection_default_auto_accounts_empty" time="0.268" /><testcase classname="tests.test_phase20_http_public" name="test_projection_spouse_heavy_routes_to_ROTS" time="0.116" /><testcase classname="tests.test_phase20_http_public" name="test_projection_auto_creates_spouse_roth" time="0.467" /><testcase classname="tests.test_phase20_http_public" name="test_mc_correlated_with_inflation" time="1.225" /><testcase classname="tests.test_phase20_http_public" name="test_mc_correlation_out_of_range_422" time="0.104" /><testcase classname="tests.test_phase20_http_public" name="test_mc_correlation_without_inflation" time="1.282" /><testcase classname="tests.test_phase20_http_public" name="test_mc_no_correlation_field_backward_compat" time="1.232" /></testsuite></testsuites>