<?xml version="1.0" encoding="utf-8"?><testsuites name="pytest tests"><testsuite name="pytest" errors="0" failures="0" skipped="0" tests="88" time="14.644" timestamp="2026-07-02T04:24:48.246894+00:00" hostname="agent-env-5531d5ee-1ce1-4dca-b15f-c4b22773ef02"><testcase classname="tests.test_phase14_v9_reconciliation" name="test_horizon_is_2026_to_2062" time="0.000" /><testcase classname="tests.test_phase17_strategy_ss_compliance" name="test_fra_is_67_for_1960_plus" time="0.000" /><testcase classname="tests.test_phase17_strategy_ss_compliance" name="test_reduction_at_62_for_fra_67_is_30pct" time="0.000" /><testcase classname="tests.test_phase17_strategy_ss_compliance" name="test_delayed_credit_at_70_for_fra_67_is_24pct" time="0.000" /><testcase classname="tests.test_phase14_v9_reconciliation" name="test_total_lifetime_conversions" time="0.000" /><testcase classname="tests.test_phase14_v9_reconciliation" name="test_gross_estate_at_second_death" time="0.000" /><testcase classname="tests.test_phase14_v9_reconciliation" name="test_traditional_ira_at_second_death" time="0.000" /><testcase classname="tests.test_phase14_v9_reconciliation" name="test_heir_tax_on_inherited_ira_pv_basis" time="0.000" /><testcase classname="tests.test_phase14_v9_reconciliation" name="test_after_tax_legacy_at_death" time="0.000" /><testcase classname="tests.test_phase14_v9_reconciliation" name="test_lifetime_taxes_plus_medicare" time="0.000" /><testcase classname="tests.test_phase14_v9_reconciliation" name="test_children_wealth_plus_ten_years" time="0.000" /><testcase classname="tests.test_phase14_v9_reconciliation" name="test_year_by_year_conversions_track_v9" time="0.000" /><testcase classname="tests.test_phase14_v9_reconciliation" name="test_conversions_stop_at_rmd_age_75" time="0.000" /><testcase classname="tests.test_phase17_strategy_ss_compliance" name="test_fra_claim_is_1x" time="0.000" /><testcase classname="tests.test_phase17_strategy_ss_compliance" name="test_implied_fra_backs_out_pia" time="0.000" /><testcase classname="tests.test_phase17_strategy_ss_compliance" name="test_ss_optimizer_shape_and_ranking" time="0.045" /><testcase classname="tests.test_phase14_v9_reconciliation" name="test_year_by_year_balances_track_v9" time="0.000" /><testcase classname="tests.test_phase18_inflation_and_attribution" name="test_inflation_none_matches_deterministic_v2" time="0.033" /><testcase classname="tests.test_phase18_inflation_and_attribution" name="test_inflation_block_populated_when_enabled" time="0.011" /><testcase classname="tests.test_phase17_strategy_ss_compliance" name="test_strategy_sweep_shape" time="0.057" /><testcase classname="tests.test_phase18_inflation_and_attribution" name="test_higher_inflation_vol_worsens_p10_ending" time="0.023" /><testcase classname="tests.test_phase18_inflation_and_attribution" name="test_inflation_reproducible_with_seed" time="0.020" /><testcase classname="tests.test_phase18_inflation_and_attribution" name="test_ledger_entries_carry_owner_and_age_fields" time="0.005" /><testcase classname="tests.test_phase18_inflation_and_attribution" name="test_client_ira_drained_first_attributes_to_client_owner" time="0.005" /><testcase classname="tests.test_phase17_strategy_ss_compliance" name="test_strategy_sweep_best_is_ranked_first" time="0.014" /><testcase classname="tests.test_phase18_inflation_and_attribution" name="test_warnings_use_owner_not_just_client_age" time="0.001" /><testcase classname="tests.test_phase18_inflation_and_attribution" name="test_conversion_math_unchanged_by_attribution" time="0.005" /><testcase classname="tests.test_phase17_strategy_ss_compliance" name="test_strategy_sweep_beats_no_conversion_default" time="0.014" /><testcase classname="tests.test_phase17_strategy_ss_compliance" name="test_year_targets_override_flat_target" time="0.009" /><testcase classname="tests.test_phase17_strategy_ss_compliance" name="test_year_targets_handles_string_keys_from_json" time="0.010" /><testcase classname="tests.test_phase17_strategy_ss_compliance" name="test_roth_compliance_block_exists_and_clean_by_default" time="0.005" /><testcase classname="tests.test_phase17_strategy_ss_compliance" name="test_roth_compliance_flags_early_tap" time="0.001" /><testcase classname="tests.test_phase17_http_endpoints" name="test_projection_has_roth_compliance_and_math_unchanged" time="0.184" /><testcase classname="tests.test_montecarlo" name="test_montecarlo_shape_and_success" time="0.543" /><testcase classname="tests.test_phase17_http_endpoints" name="test_projection_year_targets_differs_from_flat" time="0.335" /><testcase classname="tests.test_montecarlo" name="test_success_equals_one_minus_depleted" time="1.173" /><testcase classname="tests.test_phase17_http_endpoints" name="test_strategy_sweep_default_shape" time="1.187" /><testcase classname="tests.test_montecarlo" name="test_higher_volatility_widens_dispersion" time="1.498" /><testcase classname="tests.test_phase17_http_endpoints" name="test_strategy_sweep_include_phased" time="1.151" /><testcase classname="tests.test_phase17_http_endpoints" name="test_strategy_sweep_beats_baseline_specific_grid" time="0.173" /><testcase classname="tests.test_phase17_http_endpoints" name="test_ss_optimizer_default" time="0.237" /><testcase classname="tests.test_montecarlo" name="test_seed_reproducibility" time="0.618" /><testcase classname="tests.test_phase17_http_endpoints" name="test_ss_optimizer_ages_grid" time="0.187" /><testcase classname="tests.test_phase18_http_endpoints" name="test_mc_no_inflation_field_returns_null" time="0.321" /><testcase classname="tests.test_phase18_http_endpoints" name="test_mc_inflation_disabled_returns_null" time="0.309" /><testcase classname="tests.test_montecarlo" name="test_shock_lowers_success" time="0.322" /><testcase classname="tests.test_phase18_http_endpoints" name="test_mc_inflation_vol_zero_returns_null" time="0.313" /><testcase classname="tests.test_montecarlo" name="test_unknown_job_returns_404" time="0.170" /><testcase classname="tests.test_montecarlo" name="test_no_raw_trial_array" time="0.360" /><testcase classname="tests.test_phase18_http_endpoints" name="test_mc_inflation_enabled_populated_block" time="0.441" /><testcase classname="tests.test_phase11_features.TestPostDeathHorizon" name="test_legacy_block_has_phase11_fields" time="0.251" /><testcase classname="tests.test_phase18_http_endpoints" name="test_projection_per_owner_ledger_and_math" time="0.168" /><testcase classname="tests.test_phase11_features.TestPostDeathHorizon" name="test_post_death_rows_structure_and_monotonicity" time="0.091" /><testcase classname="tests.test_phase11_features.TestPostDeathHorizon" name="test_headline_10yr_exceeds_at_death" time="0.093" /><testcase classname="tests.test_phase18_http_endpoints" name="test_strategy_sweep_default_topN_fill32" time="1.211" /><testcase classname="tests.test_phase12_features.TestRegression" name="test_sweep_best_first_and_valid" time="1.257" /><testcase classname="tests.test_phase18_http_endpoints" name="test_ss_optimizer_default_fra" time="0.245" /><testcase classname="tests.test_phase12_features.TestRegression" name="test_tax_year_standard_input" time="0.136" /><testcase classname="tests.test_phase13_irmaa_lookback" name="test_irmaa_uses_lookback_magi_when_provided" time="0.000" /><testcase classname="tests.test_phase13_irmaa_lookback" name="test_irmaa_falls_back_to_current_magi_without_lookback" time="0.000" /><testcase classname="tests.test_phase12_features.TestRegression" name="test_legacy_block_has_phase12_fields" time="0.091" /><testcase classname="tests.test_phase13_irmaa_lookback" name="test_projection_includes_medicare_and_runs" time="0.344" /><testcase classname="tests.test_phase10_features.TestHeirRate" name="test_default_heir_rate_is_sum" time="0.266" /><testcase classname="tests.test_phase10_features.TestHeirRate" name="test_changing_heir_rate_changes_inherited_tax" time="0.200" /><testcase classname="tests.test_phase12_features.TestIrmaaTierCap" name="test_cap_loosening_increases_conversion" time="0.451" /><testcase classname="tests.test_phase9_features.TestSweep" name="test_sweep_structure_and_best" time="0.271" /><testcase classname="tests.test_phase12_features.TestIrmaaTierCap" name="test_cap_zero_yields_near_zero" time="0.092" /><testcase classname="tests.test_phase9_features.TestSweep" name="test_sweep_best_is_valid_bracket" time="0.115" /><testcase classname="tests.test_planner_api.TestTaxYear" name="test_tax_year_exact_values" time="0.150" /><testcase classname="tests.test_phase9_features.TestConfigEdit" name="test_higher_ira_balance_changes_projection" time="0.356" /><testcase classname="tests.test_planner_api.TestTaxYear" name="test_tax_year_separation_preferential_vs_ordinary" time="0.116" /><testcase classname="tests.test_phase9_features.TestConfigEdit" name="test_edit_income_stream_changes_projection" time="0.203" /><testcase classname="tests.test_phase10_features.TestSweepHeirRate" name="test_no_conversions_atee_higher_under_low_heir_rate" time="0.386" /><testcase classname="tests.test_golden_snapshot" name="test_golden_snapshot_matches_baseline" time="0.237" /><testcase classname="tests.test_phase10_features.TestStateRate" name="test_state_rate_change_changes_lifetime_taxes" time="0.186" /><testcase classname="tests.test_phase10_features.TestMaxAnnualCap" name="test_cap_reduces_total_converted" time="0.185" /><testcase classname="tests.test_phase10_features.TestFundingOrder" name="test_funding_order_changes_lifetime_tax" time="0.363" /><testcase classname="tests.test_phase11_features.TestSweepRegression" name="test_sweep_best_is_ranked_first_and_valid" time="0.270" /><testcase classname="tests.test_phase11_features.TestSurplusSweep" name="test_taxable_vs_cash_sweep_differs" time="0.382" /><testcase classname="tests.test_phase12_features.TestPostDeathHorizonYears" name="test_horizon_20_yields_20_rows_and_larger_estate" time="0.339" /><testcase classname="tests.test_phase11_features.TestTaxRegression" name="test_tax_year_endpoint_alive" time="0.082" /><testcase classname="tests.test_phase12_features.TestHeirReinvestReturn" name="test_lower_heir_return_lowers_estate" time="0.190" /><testcase classname="tests.test_phase9_features.TestProjectionLegacy" name="test_legacy_block_present" time="0.262" /><testcase classname="tests.test_planner_api.TestDefaults" name="test_defaults_returns_full_scenario" time="0.197" /><testcase classname="tests.test_planner_api.TestOptimize" name="test_optimize_target_24" time="0.189" /><testcase classname="tests.test_planner_api.TestScenariosCRUD" name="test_scenarios_full_cycle" time="0.478" /><testcase classname="tests.test_planner_api.TestProjection" name="test_projection_default_config" time="0.171" /><testcase classname="tests.test_planner_api.TestInsights" name="test_insights_streams_text" time="4.059" /></testsuite></testsuites>