<?xml version="1.0" encoding="utf-8"?><testsuites name="pytest tests"><testsuite name="pytest" errors="0" failures="0" skipped="0" tests="7" time="4.583" timestamp="2026-06-28T03:24:04.069104+00:00" hostname="agent-env-5531d5ee-1ce1-4dca-b15f-c4b22773ef02"><testcase classname="tests.test_planner_api.TestTaxYear" name="test_tax_year_exact_values" time="0.288" /><testcase classname="tests.test_planner_api.TestDefaults" name="test_defaults_returns_full_scenario" time="0.309" /><testcase classname="tests.test_planner_api.TestTaxYear" name="test_tax_year_separation_preferential_vs_ordinary" time="0.088" /><testcase classname="tests.test_planner_api.TestProjection" name="test_projection_default_config" time="0.091" /><testcase classname="tests.test_planner_api.TestOptimize" name="test_optimize_target_24" time="0.046" /><testcase classname="tests.test_planner_api.TestInsights" name="test_insights_streams_text" time="3.516" /><testcase classname="tests.test_planner_api.TestScenariosCRUD" name="test_scenarios_full_cycle" time="1.738" /></testsuite></testsuites>