<?xml version="1.0" encoding="utf-8"?><testsuites name="pytest tests"><testsuite name="pytest" errors="0" failures="0" skipped="0" tests="12" time="5.893" timestamp="2026-06-28T03:34:34.337852+00:00" hostname="agent-env-5531d5ee-1ce1-4dca-b15f-c4b22773ef02"><testcase classname="tests.test_phase9_features.TestSweep" name="test_sweep_structure_and_best" time="0.207" /><testcase classname="tests.test_phase9_features.TestConfigEdit" name="test_higher_ira_balance_changes_projection" time="0.299" /><testcase classname="tests.test_phase9_features.TestSweep" name="test_sweep_best_is_fill_35_bracket" time="0.070" /><testcase classname="tests.test_planner_api.TestTaxYear" name="test_tax_year_exact_values" time="0.133" /><testcase classname="tests.test_phase9_features.TestConfigEdit" name="test_edit_income_stream_changes_projection" time="0.146" /><testcase classname="tests.test_planner_api.TestTaxYear" name="test_tax_year_separation_preferential_vs_ordinary" time="0.086" /><testcase classname="tests.test_phase9_features.TestProjectionLegacy" name="test_legacy_block_present" time="0.056" /><testcase classname="tests.test_planner_api.TestDefaults" name="test_defaults_returns_full_scenario" time="0.049" /><testcase classname="tests.test_planner_api.TestOptimize" name="test_optimize_target_24" time="0.124" /><testcase classname="tests.test_planner_api.TestProjection" name="test_projection_default_config" time="0.095" /><testcase classname="tests.test_planner_api.TestScenariosCRUD" name="test_scenarios_full_cycle" time="2.940" /><testcase classname="tests.test_planner_api.TestInsights" name="test_insights_streams_text" time="4.709" /></testsuite></testsuites>