<?xml version="1.0" encoding="utf-8"?><testsuites name="pytest tests"><testsuite name="pytest" errors="0" failures="0" skipped="0" tests="15" time="4.268" timestamp="2026-07-02T04:23:10.378879+00:00" hostname="agent-env-5531d5ee-1ce1-4dca-b15f-c4b22773ef02"><testcase classname="tests.test_phase18_inflation_and_attribution" name="test_inflation_none_matches_deterministic_v2" time="0.034" /><testcase classname="tests.test_phase17_http_endpoints" name="test_projection_has_roth_compliance_and_math_unchanged" time="0.293" /><testcase classname="tests.test_phase18_inflation_and_attribution" name="test_inflation_block_populated_when_enabled" time="0.010" /><testcase classname="tests.test_phase18_inflation_and_attribution" name="test_higher_inflation_vol_worsens_p10_ending" time="0.023" /><testcase classname="tests.test_phase18_inflation_and_attribution" name="test_inflation_reproducible_with_seed" time="0.020" /><testcase classname="tests.test_phase18_inflation_and_attribution" name="test_ledger_entries_carry_owner_and_age_fields" time="0.005" /><testcase classname="tests.test_phase18_inflation_and_attribution" name="test_client_ira_drained_first_attributes_to_client_owner" time="0.005" /><testcase classname="tests.test_phase18_inflation_and_attribution" name="test_warnings_use_owner_not_just_client_age" time="0.001" /><testcase classname="tests.test_phase18_inflation_and_attribution" name="test_conversion_math_unchanged_by_attribution" time="0.005" /><testcase classname="tests.test_phase17_http_endpoints" name="test_projection_year_targets_differs_from_flat" time="0.425" /><testcase classname="tests.test_phase17_http_endpoints" name="test_strategy_sweep_default_shape" time="1.255" /><testcase classname="tests.test_phase17_http_endpoints" name="test_strategy_sweep_include_phased" time="1.185" /><testcase classname="tests.test_phase17_http_endpoints" name="test_strategy_sweep_beats_baseline_specific_grid" time="0.168" /><testcase classname="tests.test_phase17_http_endpoints" name="test_ss_optimizer_default" time="0.289" /><testcase classname="tests.test_phase17_http_endpoints" name="test_ss_optimizer_ages_grid" time="0.179" /></testsuite></testsuites>