<?xml version="1.0" encoding="utf-8"?><testsuites name="pytest tests"><testsuite name="pytest" errors="0" failures="0" skipped="0" tests="7" time="3.320" timestamp="2026-07-02T04:24:27.669507+00:00" hostname="agent-env-5531d5ee-1ce1-4dca-b15f-c4b22773ef02"><testcase classname="tests.test_phase18_http_endpoints" name="test_mc_no_inflation_field_returns_null" time="0.404" /><testcase classname="tests.test_phase18_http_endpoints" name="test_mc_inflation_disabled_returns_null" time="0.330" /><testcase classname="tests.test_phase18_http_endpoints" name="test_mc_inflation_vol_zero_returns_null" time="0.316" /><testcase classname="tests.test_phase18_http_endpoints" name="test_mc_inflation_enabled_populated_block" time="0.314" /><testcase classname="tests.test_phase18_http_endpoints" name="test_projection_per_owner_ledger_and_math" time="0.171" /><testcase classname="tests.test_phase18_http_endpoints" name="test_strategy_sweep_default_topN_fill32" time="1.185" /><testcase classname="tests.test_phase18_http_endpoints" name="test_ss_optimizer_default_fra" time="0.241" /></testsuite></testsuites>