<?xml version="1.0" encoding="utf-8"?><testsuites name="pytest tests"><testsuite name="pytest" errors="0" failures="1" skipped="0" tests="7" time="4.213" timestamp="2026-07-02T02:48:52.370305+00:00" hostname="agent-env-5531d5ee-1ce1-4dca-b15f-c4b22773ef02"><testcase classname="tests.test_phase17_http_endpoints" name="test_projection_has_roth_compliance_and_math_unchanged" time="0.251" /><testcase classname="tests.test_phase17_http_endpoints" name="test_projection_year_targets_differs_from_flat" time="0.633"><failure message="AssertionError: (3890426.83, 3890426.83)&#10;assert 0.0 &gt; 1.0&#10; +  where 0.0 = abs((3890426.83 - 3890426.83))">tests/test_phase17_http_endpoints.py:65: in test_projection_year_targets_differs_from_flat
    assert abs(phased_total - flat_total) &gt; 1.0, (phased_total, flat_total)
E   AssertionError: (3890426.83, 3890426.83)
E   assert 0.0 &gt; 1.0
E    +  where 0.0 = abs((3890426.83 - 3890426.83))</failure></testcase><testcase classname="tests.test_phase17_http_endpoints" name="test_strategy_sweep_default_shape" time="1.237" /><testcase classname="tests.test_phase17_http_endpoints" name="test_strategy_sweep_include_phased" time="1.308" /><testcase classname="tests.test_phase17_http_endpoints" name="test_strategy_sweep_beats_baseline_specific_grid" time="0.215" /><testcase classname="tests.test_phase17_http_endpoints" name="test_ss_optimizer_default" time="0.263" /><testcase classname="tests.test_phase17_http_endpoints" name="test_ss_optimizer_ages_grid" time="0.207" /></testsuite></testsuites>