<?xml version="1.0" encoding="utf-8"?><testsuites name="pytest tests"><testsuite name="pytest" errors="0" failures="0" skipped="0" tests="13" time="0.679" timestamp="2026-07-02T02:47:54.103209+00:00" hostname="agent-env-5531d5ee-1ce1-4dca-b15f-c4b22773ef02"><testcase classname="tests.test_golden_snapshot" name="test_golden_snapshot_matches_baseline" time="0.245" /><testcase classname="tests.test_phase17_strategy_ss_compliance" name="test_fra_is_67_for_1960_plus" time="0.000" /><testcase classname="tests.test_phase17_strategy_ss_compliance" name="test_reduction_at_62_for_fra_67_is_30pct" time="0.000" /><testcase classname="tests.test_phase17_strategy_ss_compliance" name="test_delayed_credit_at_70_for_fra_67_is_24pct" time="0.000" /><testcase classname="tests.test_phase17_strategy_ss_compliance" name="test_fra_claim_is_1x" time="0.000" /><testcase classname="tests.test_phase17_strategy_ss_compliance" name="test_implied_fra_backs_out_pia" time="0.000" /><testcase classname="tests.test_phase17_strategy_ss_compliance" name="test_ss_optimizer_shape_and_ranking" time="0.046" /><testcase classname="tests.test_phase17_strategy_ss_compliance" name="test_strategy_sweep_shape" time="0.071" /><testcase classname="tests.test_phase17_strategy_ss_compliance" name="test_strategy_sweep_best_is_ranked_first" time="0.014" /><testcase classname="tests.test_phase17_strategy_ss_compliance" name="test_strategy_sweep_beats_no_conversion_default" time="0.014" /><testcase classname="tests.test_phase17_strategy_ss_compliance" name="test_year_targets_override_flat_target" time="0.009" /><testcase classname="tests.test_phase17_strategy_ss_compliance" name="test_roth_compliance_block_exists_and_clean_by_default" time="0.005" /><testcase classname="tests.test_phase17_strategy_ss_compliance" name="test_roth_compliance_flags_early_tap" time="0.001" /></testsuite></testsuites>